{"C:\\Users\\m.delallave\\github\\mercadolibre-prototype\\mercadolibre-prototype\\postcss.config.js": {"path":"C:\\Users\\m.delallave\\github\\mercadolibre-prototype\\mercadolibre-prototype\\postcss.config.js","all":true,"statementMap":{"0":{"start":{"line":1,"column":0},"end":{"line":1,"column":20}},"1":{"start":{"line":2,"column":0},"end":{"line":2,"column":16}},"2":{"start":{"line":3,"column":0},"end":{"line":3,"column":12}},"3":{"start":{"line":4,"column":0},"end":{"line":4,"column":31}},"4":{"start":{"line":5,"column":0},"end":{"line":5,"column":21}},"5":{"start":{"line":6,"column":0},"end":{"line":6,"column":4}},"6":{"start":{"line":7,"column":0},"end":{"line":7,"column":1}}},"s":{"0":0,"1":0,"2":0,"3":0,"4":0,"5":0,"6":0},"branchMap":{"0":{"type":"branch","line":1,"loc":{"start":{"line":1,"column":117},"end":{"line":7,"column":1}},"locations":[{"start":{"line":1,"column":117},"end":{"line":7,"column":1}}]}},"b":{"0":[0]},"fnMap":{"0":{"name":"(empty-report)","decl":{"start":{"line":1,"column":117},"end":{"line":7,"column":1}},"loc":{"start":{"line":1,"column":117},"end":{"line":7,"column":1}},"line":1}},"f":{"0":0}}
,"C:\\Users\\m.delallave\\github\\mercadolibre-prototype\\mercadolibre-prototype\\src\\App.vue": {"path":"C:\\Users\\m.delallave\\github\\mercadolibre-prototype\\mercadolibre-prototype\\src\\App.vue","all":true,"statementMap":{"1":{"start":{"line":2,"column":0},"end":{"line":2,"column":54}},"2":{"start":{"line":3,"column":0},"end":{"line":3,"column":10}},"3":{"start":{"line":4,"column":0},"end":{"line":4,"column":21}},"4":{"start":{"line":5,"column":0},"end":{"line":5,"column":11}},"5":{"start":{"line":6,"column":0},"end":{"line":6,"column":10}},"9":{"start":{"line":10,"column":0},"end":{"line":10,"column":54}},"10":{"start":{"line":11,"column":0},"end":{"line":11,"column":54}}},"s":{"1":0,"2":0,"3":0,"4":0,"5":0,"9":0,"10":0},"branchMap":{"0":{"type":"branch","line":1,"loc":{"start":{"line":1,"column":393},"end":{"line":16,"column":8}},"locations":[{"start":{"line":1,"column":393},"end":{"line":16,"column":8}}]}},"b":{"0":[1]},"fnMap":{"0":{"name":"(empty-report)","decl":{"start":{"line":1,"column":393},"end":{"line":16,"column":8}},"loc":{"start":{"line":1,"column":393},"end":{"line":16,"column":8}},"line":1}},"f":{"0":1}}
,"C:\\Users\\m.delallave\\github\\mercadolibre-prototype\\mercadolibre-prototype\\src\\main.js": {"path":"C:\\Users\\m.delallave\\github\\mercadolibre-prototype\\mercadolibre-prototype\\src\\main.js","all":true,"statementMap":{"0":{"start":{"line":1,"column":0},"end":{"line":1,"column":14}},"1":{"start":{"line":2,"column":0},"end":{"line":2,"column":31}},"2":{"start":{"line":3,"column":0},"end":{"line":3,"column":27}},"3":{"start":{"line":4,"column":0},"end":{"line":4,"column":66}},"4":{"start":{"line":5,"column":0},"end":{"line":5,"column":65}},"6":{"start":{"line":7,"column":0},"end":{"line":7,"column":26}},"7":{"start":{"line":8,"column":0},"end":{"line":8,"column":15}},"8":{"start":{"line":9,"column":0},"end":{"line":9,"column":17}}},"s":{"0":0,"1":0,"2":0,"3":0,"4":0,"6":0,"7":0,"8":0},"branchMap":{"0":{"type":"branch","line":1,"loc":{"start":{"line":1,"column":15},"end":{"line":9,"column":-136}},"locations":[{"start":{"line":1,"column":15},"end":{"line":9,"column":-136}}]}},"b":{"0":[0]},"fnMap":{"0":{"name":"(empty-report)","decl":{"start":{"line":1,"column":15},"end":{"line":9,"column":-136}},"loc":{"start":{"line":1,"column":15},"end":{"line":9,"column":-136}},"line":1}},"f":{"0":0}}
,"C:\\Users\\m.delallave\\github\\mercadolibre-prototype\\mercadolibre-prototype\\src\\components\\product\\ProductDetail.vue": {"path":"C:\\Users\\m.delallave\\github\\mercadolibre-prototype\\mercadolibre-prototype\\src\\components\\product\\ProductDetail.vue","all":false,"statementMap":{"0":{"start":{"line":1,"column":0},"end":{"line":1,"column":10}},"1":{"start":{"line":2,"column":0},"end":{"line":2,"column":7}},"2":{"start":{"line":3,"column":0},"end":{"line":3,"column":37}},"3":{"start":{"line":4,"column":0},"end":{"line":4,"column":68}},"5":{"start":{"line":6,"column":0},"end":{"line":6,"column":10}},"7":{"start":{"line":8,"column":0},"end":{"line":8,"column":37}},"8":{"start":{"line":9,"column":0},"end":{"line":9,"column":55}},"9":{"start":{"line":10,"column":0},"end":{"line":10,"column":17}},"10":{"start":{"line":11,"column":0},"end":{"line":11,"column":10}},"12":{"start":{"line":13,"column":0},"end":{"line":13,"column":42}},"13":{"start":{"line":14,"column":0},"end":{"line":14,"column":8}},"14":{"start":{"line":15,"column":0},"end":{"line":15,"column":38}},"15":{"start":{"line":16,"column":0},"end":{"line":16,"column":80}},"17":{"start":{"line":18,"column":0},"end":{"line":18,"column":58}},"18":{"start":{"line":19,"column":0},"end":{"line":19,"column":35}},"19":{"start":{"line":20,"column":0},"end":{"line":20,"column":28}},"20":{"start":{"line":21,"column":0},"end":{"line":21,"column":63}},"21":{"start":{"line":22,"column":0},"end":{"line":22,"column":18}},"22":{"start":{"line":23,"column":0},"end":{"line":23,"column":48}},"23":{"start":{"line":24,"column":0},"end":{"line":24,"column":59}},"25":{"start":{"line":26,"column":0},"end":{"line":26,"column":20}},"26":{"start":{"line":27,"column":0},"end":{"line":27,"column":58}},"27":{"start":{"line":28,"column":0},"end":{"line":28,"column":37}},"28":{"start":{"line":29,"column":0},"end":{"line":29,"column":76}},"29":{"start":{"line":30,"column":0},"end":{"line":30,"column":18}},"30":{"start":{"line":31,"column":0},"end":{"line":31,"column":20}},"31":{"start":{"line":32,"column":0},"end":{"line":32,"column":18}},"32":{"start":{"line":33,"column":0},"end":{"line":33,"column":16}},"33":{"start":{"line":34,"column":0},"end":{"line":34,"column":46}},"34":{"start":{"line":35,"column":0},"end":{"line":35,"column":57}},"36":{"start":{"line":37,"column":0},"end":{"line":37,"column":18}},"37":{"start":{"line":38,"column":0},"end":{"line":38,"column":56}},"38":{"start":{"line":39,"column":0},"end":{"line":39,"column":28}},"39":{"start":{"line":40,"column":0},"end":{"line":40,"column":28}},"40":{"start":{"line":41,"column":0},"end":{"line":41,"column":31}},"41":{"start":{"line":42,"column":0},"end":{"line":42,"column":78}},"42":{"start":{"line":43,"column":0},"end":{"line":43,"column":25}},"46":{"start":{"line":47,"column":0},"end":{"line":47,"column":50}},"47":{"start":{"line":48,"column":0},"end":{"line":48,"column":16}},"48":{"start":{"line":49,"column":0},"end":{"line":49,"column":18}},"49":{"start":{"line":50,"column":0},"end":{"line":50,"column":16}},"51":{"start":{"line":52,"column":0},"end":{"line":52,"column":66}},"52":{"start":{"line":53,"column":0},"end":{"line":53,"column":70}},"54":{"start":{"line":55,"column":0},"end":{"line":55,"column":17}},"55":{"start":{"line":56,"column":0},"end":{"line":56,"column":56}},"56":{"start":{"line":57,"column":0},"end":{"line":57,"column":39}},"57":{"start":{"line":58,"column":0},"end":{"line":58,"column":16}},"58":{"start":{"line":59,"column":0},"end":{"line":59,"column":16}},"60":{"start":{"line":61,"column":0},"end":{"line":61,"column":14}},"61":{"start":{"line":62,"column":0},"end":{"line":62,"column":62}},"62":{"start":{"line":63,"column":0},"end":{"line":63,"column":66}},"64":{"start":{"line":65,"column":0},"end":{"line":65,"column":70}},"66":{"start":{"line":67,"column":0},"end":{"line":67,"column":17}},"67":{"start":{"line":68,"column":0},"end":{"line":68,"column":69}},"68":{"start":{"line":69,"column":0},"end":{"line":69,"column":74}},"69":{"start":{"line":70,"column":0},"end":{"line":70,"column":72}},"70":{"start":{"line":71,"column":0},"end":{"line":71,"column":19}},"71":{"start":{"line":72,"column":0},"end":{"line":72,"column":17}},"72":{"start":{"line":73,"column":0},"end":{"line":73,"column":16}},"73":{"start":{"line":74,"column":0},"end":{"line":74,"column":14}},"75":{"start":{"line":76,"column":0},"end":{"line":76,"column":35}},"76":{"start":{"line":77,"column":0},"end":{"line":77,"column":74}},"77":{"start":{"line":78,"column":0},"end":{"line":78,"column":55}},"78":{"start":{"line":79,"column":0},"end":{"line":79,"column":76}},"79":{"start":{"line":80,"column":0},"end":{"line":80,"column":16}},"80":{"start":{"line":81,"column":0},"end":{"line":81,"column":70}},"81":{"start":{"line":82,"column":0},"end":{"line":82,"column":33}},"82":{"start":{"line":83,"column":0},"end":{"line":83,"column":17}},"84":{"start":{"line":85,"column":0},"end":{"line":85,"column":71}},"85":{"start":{"line":86,"column":0},"end":{"line":86,"column":19}},"86":{"start":{"line":87,"column":0},"end":{"line":87,"column":30}},"87":{"start":{"line":88,"column":0},"end":{"line":88,"column":24}},"88":{"start":{"line":89,"column":0},"end":{"line":89,"column":38}},"90":{"start":{"line":91,"column":0},"end":{"line":91,"column":20}},"91":{"start":{"line":92,"column":0},"end":{"line":92,"column":52}},"92":{"start":{"line":93,"column":0},"end":{"line":93,"column":37}},"93":{"start":{"line":94,"column":0},"end":{"line":94,"column":37}},"94":{"start":{"line":95,"column":0},"end":{"line":95,"column":33}},"96":{"start":{"line":97,"column":0},"end":{"line":97,"column":23}},"97":{"start":{"line":98,"column":0},"end":{"line":98,"column":39}},"98":{"start":{"line":99,"column":0},"end":{"line":99,"column":316}},"99":{"start":{"line":100,"column":0},"end":{"line":100,"column":39}},"100":{"start":{"line":101,"column":0},"end":{"line":101,"column":20}},"101":{"start":{"line":102,"column":0},"end":{"line":102,"column":22}},"102":{"start":{"line":103,"column":0},"end":{"line":103,"column":21}},"103":{"start":{"line":104,"column":0},"end":{"line":104,"column":60}},"104":{"start":{"line":105,"column":0},"end":{"line":105,"column":55}},"105":{"start":{"line":106,"column":0},"end":{"line":106,"column":21}},"106":{"start":{"line":107,"column":0},"end":{"line":107,"column":18}},"108":{"start":{"line":109,"column":0},"end":{"line":109,"column":66}},"109":{"start":{"line":110,"column":0},"end":{"line":110,"column":65}},"110":{"start":{"line":111,"column":0},"end":{"line":111,"column":16}},"111":{"start":{"line":112,"column":0},"end":{"line":112,"column":41}},"113":{"start":{"line":114,"column":0},"end":{"line":114,"column":57}},"115":{"start":{"line":116,"column":0},"end":{"line":116,"column":72}},"119":{"start":{"line":120,"column":0},"end":{"line":120,"column":21}},"120":{"start":{"line":121,"column":0},"end":{"line":121,"column":16}},"121":{"start":{"line":122,"column":0},"end":{"line":122,"column":14}},"122":{"start":{"line":123,"column":0},"end":{"line":123,"column":22}},"123":{"start":{"line":124,"column":0},"end":{"line":124,"column":62}},"124":{"start":{"line":125,"column":0},"end":{"line":125,"column":13}},"126":{"start":{"line":127,"column":0},"end":{"line":127,"column":16}},"128":{"start":{"line":129,"column":0},"end":{"line":129,"column":35}},"129":{"start":{"line":130,"column":0},"end":{"line":130,"column":16}},"130":{"start":{"line":131,"column":0},"end":{"line":131,"column":37}},"131":{"start":{"line":132,"column":0},"end":{"line":132,"column":78}},"134":{"start":{"line":135,"column":0},"end":{"line":135,"column":35}},"138":{"start":{"line":139,"column":0},"end":{"line":139,"column":18}},"139":{"start":{"line":140,"column":0},"end":{"line":140,"column":46}},"141":{"start":{"line":142,"column":0},"end":{"line":142,"column":22}},"142":{"start":{"line":143,"column":0},"end":{"line":143,"column":31}},"143":{"start":{"line":144,"column":0},"end":{"line":144,"column":27}},"144":{"start":{"line":145,"column":0},"end":{"line":145,"column":25}},"145":{"start":{"line":146,"column":0},"end":{"line":146,"column":38}},"146":{"start":{"line":147,"column":0},"end":{"line":147,"column":82}},"147":{"start":{"line":148,"column":0},"end":{"line":148,"column":18}},"148":{"start":{"line":149,"column":0},"end":{"line":149,"column":18}},"149":{"start":{"line":150,"column":0},"end":{"line":150,"column":18}},"151":{"start":{"line":152,"column":0},"end":{"line":152,"column":19}},"152":{"start":{"line":153,"column":0},"end":{"line":153,"column":121}},"153":{"start":{"line":154,"column":0},"end":{"line":154,"column":13}},"155":{"start":{"line":156,"column":0},"end":{"line":156,"column":21}},"156":{"start":{"line":157,"column":0},"end":{"line":157,"column":19}},"157":{"start":{"line":158,"column":0},"end":{"line":158,"column":119}},"158":{"start":{"line":159,"column":0},"end":{"line":159,"column":13}},"160":{"start":{"line":161,"column":0},"end":{"line":161,"column":21}},"162":{"start":{"line":163,"column":0},"end":{"line":163,"column":60}},"163":{"start":{"line":164,"column":0},"end":{"line":164,"column":51}},"165":{"start":{"line":166,"column":0},"end":{"line":166,"column":18}},"166":{"start":{"line":167,"column":0},"end":{"line":167,"column":26}},"167":{"start":{"line":168,"column":0},"end":{"line":168,"column":58}},"169":{"start":{"line":170,"column":0},"end":{"line":170,"column":43}},"170":{"start":{"line":171,"column":0},"end":{"line":171,"column":20}},"171":{"start":{"line":172,"column":0},"end":{"line":172,"column":18}},"172":{"start":{"line":173,"column":0},"end":{"line":173,"column":52}},"173":{"start":{"line":174,"column":0},"end":{"line":174,"column":53}},"174":{"start":{"line":175,"column":0},"end":{"line":175,"column":69}},"175":{"start":{"line":176,"column":0},"end":{"line":176,"column":25}},"176":{"start":{"line":177,"column":0},"end":{"line":177,"column":18}},"177":{"start":{"line":178,"column":0},"end":{"line":178,"column":18}},"179":{"start":{"line":180,"column":0},"end":{"line":180,"column":60}},"180":{"start":{"line":181,"column":0},"end":{"line":181,"column":71}},"182":{"start":{"line":183,"column":0},"end":{"line":183,"column":19}},"183":{"start":{"line":184,"column":0},"end":{"line":184,"column":57}},"184":{"start":{"line":185,"column":0},"end":{"line":185,"column":19}},"185":{"start":{"line":186,"column":0},"end":{"line":186,"column":58}},"186":{"start":{"line":187,"column":0},"end":{"line":187,"column":31}},"188":{"start":{"line":189,"column":0},"end":{"line":189,"column":22}},"189":{"start":{"line":190,"column":0},"end":{"line":190,"column":54}},"190":{"start":{"line":191,"column":0},"end":{"line":191,"column":31}},"191":{"start":{"line":192,"column":0},"end":{"line":192,"column":39}},"192":{"start":{"line":193,"column":0},"end":{"line":193,"column":38}},"193":{"start":{"line":194,"column":0},"end":{"line":194,"column":41}},"194":{"start":{"line":195,"column":0},"end":{"line":195,"column":68}},"196":{"start":{"line":197,"column":0},"end":{"line":197,"column":25}},"197":{"start":{"line":198,"column":0},"end":{"line":198,"column":44}},"198":{"start":{"line":199,"column":0},"end":{"line":199,"column":45}},"199":{"start":{"line":200,"column":0},"end":{"line":200,"column":47}},"200":{"start":{"line":201,"column":0},"end":{"line":201,"column":22}},"201":{"start":{"line":202,"column":0},"end":{"line":202,"column":24}},"202":{"start":{"line":203,"column":0},"end":{"line":203,"column":30}},"203":{"start":{"line":204,"column":0},"end":{"line":204,"column":21}},"204":{"start":{"line":205,"column":0},"end":{"line":205,"column":19}},"205":{"start":{"line":206,"column":0},"end":{"line":206,"column":16}},"206":{"start":{"line":207,"column":0},"end":{"line":207,"column":24}},"207":{"start":{"line":208,"column":0},"end":{"line":208,"column":82}},"208":{"start":{"line":209,"column":0},"end":{"line":209,"column":15}},"210":{"start":{"line":211,"column":0},"end":{"line":211,"column":18}},"211":{"start":{"line":212,"column":0},"end":{"line":212,"column":18}},"212":{"start":{"line":213,"column":0},"end":{"line":213,"column":16}},"213":{"start":{"line":214,"column":0},"end":{"line":214,"column":14}},"214":{"start":{"line":215,"column":0},"end":{"line":215,"column":12}},"215":{"start":{"line":216,"column":0},"end":{"line":216,"column":10}},"216":{"start":{"line":217,"column":0},"end":{"line":217,"column":8}},"219":{"start":{"line":220,"column":0},"end":{"line":220,"column":14}},"220":{"start":{"line":221,"column":0},"end":{"line":221,"column":36}},"221":{"start":{"line":222,"column":0},"end":{"line":222,"column":0}},"222":{"start":{"line":223,"column":0},"end":{"line":223,"column":27}},"227":{"start":{"line":228,"column":0},"end":{"line":228,"column":2}},"228":{"start":{"line":229,"column":0},"end":{"line":229,"column":0}},"229":{"start":{"line":230,"column":0},"end":{"line":230,"column":25}},"230":{"start":{"line":231,"column":0},"end":{"line":231,"column":32}},"231":{"start":{"line":232,"column":0},"end":{"line":232,"column":23}},"232":{"start":{"line":233,"column":0},"end":{"line":233,"column":0}},"233":{"start":{"line":234,"column":0},"end":{"line":234,"column":23}},"234":{"start":{"line":235,"column":0},"end":{"line":235,"column":7}},"235":{"start":{"line":236,"column":0},"end":{"line":236,"column":33}},"236":{"start":{"line":237,"column":0},"end":{"line":237,"column":61}},"237":{"start":{"line":238,"column":0},"end":{"line":238,"column":5}},"238":{"start":{"line":239,"column":0},"end":{"line":239,"column":23}},"239":{"start":{"line":240,"column":0},"end":{"line":240,"column":52}},"240":{"start":{"line":241,"column":0},"end":{"line":241,"column":5}},"241":{"start":{"line":242,"column":0},"end":{"line":242,"column":41}},"242":{"start":{"line":243,"column":0},"end":{"line":243,"column":17}},"243":{"start":{"line":244,"column":0},"end":{"line":244,"column":29}},"244":{"start":{"line":245,"column":0},"end":{"line":245,"column":3}},"245":{"start":{"line":246,"column":0},"end":{"line":246,"column":2}}},"s":{"0":5,"1":1,"2":1,"3":1,"5":4,"7":1,"8":1,"9":1,"10":1,"12":1,"13":1,"14":1,"15":1,"17":1,"18":1,"19":1,"20":1,"21":1,"22":1,"23":1,"25":1,"26":1,"27":1,"28":1,"29":1,"30":1,"31":1,"32":1,"33":1,"34":1,"36":1,"37":1,"38":1,"39":1,"40":1,"41":1,"42":1,"46":1,"47":1,"48":1,"49":1,"51":1,"52":1,"54":1,"55":1,"56":1,"57":1,"58":1,"60":1,"61":1,"62":1,"64":1,"66":1,"67":1,"68":1,"69":1,"70":1,"71":1,"72":1,"73":1,"75":1,"76":1,"77":1,"78":1,"79":1,"80":1,"81":1,"82":1,"84":1,"85":1,"86":1,"87":1,"88":1,"90":1,"91":1,"92":1,"93":1,"94":1,"96":1,"97":1,"98":1,"99":1,"100":1,"101":1,"102":1,"103":1,"104":1,"105":1,"106":1,"108":1,"109":1,"110":1,"111":1,"113":1,"115":1,"119":1,"120":1,"121":1,"122":1,"123":1,"124":1,"126":1,"128":1,"129":1,"130":1,"131":1,"134":1,"138":1,"139":1,"141":1,"142":1,"143":1,"144":1,"145":1,"146":1,"147":1,"148":1,"149":1,"151":1,"152":1,"153":1,"155":1,"156":1,"157":1,"158":1,"160":1,"162":1,"163":1,"165":1,"166":1,"167":1,"169":1,"170":1,"171":1,"172":1,"173":1,"174":1,"175":1,"176":1,"177":1,"179":1,"180":1,"182":1,"183":1,"184":1,"185":1,"186":1,"188":1,"189":1,"190":1,"191":1,"192":1,"193":1,"194":1,"196":1,"197":1,"198":1,"199":1,"200":1,"201":1,"202":1,"203":1,"204":1,"205":1,"206":1,"207":1,"208":1,"210":1,"211":1,"212":1,"213":1,"214":1,"215":1,"216":1,"219":1,"220":1,"221":1,"222":1,"227":1,"228":1,"229":1,"230":1,"231":1,"232":1,"233":1,"234":4,"235":4,"236":4,"237":4,"238":4,"239":1,"240":1,"241":3,"242":4,"243":1,"244":1,"245":4},"branchMap":{"0":{"type":"branch","line":234,"loc":{"start":{"line":234,"column":10},"end":{"line":246,"column":2}},"locations":[{"start":{"line":234,"column":10},"end":{"line":246,"column":2}}]},"1":{"type":"branch","line":239,"loc":{"start":{"line":239,"column":22},"end":{"line":241,"column":5}},"locations":[{"start":{"line":239,"column":22},"end":{"line":241,"column":5}}]},"2":{"type":"branch","line":241,"loc":{"start":{"line":241,"column":4},"end":{"line":243,"column":4}},"locations":[{"start":{"line":241,"column":4},"end":{"line":243,"column":4}}]},"3":{"type":"branch","line":243,"loc":{"start":{"line":243,"column":4},"end":{"line":245,"column":3}},"locations":[{"start":{"line":243,"column":4},"end":{"line":245,"column":3}}]},"4":{"type":"branch","line":4,"loc":{"start":{"line":4,"column":23},"end":{"line":4,"column":33}},"locations":[{"start":{"line":4,"column":23},"end":{"line":4,"column":33}}]},"5":{"type":"branch","line":4,"loc":{"start":{"line":4,"column":4},"end":{"line":6,"column":10}},"locations":[{"start":{"line":4,"column":4},"end":{"line":6,"column":10}}]},"6":{"type":"branch","line":1,"loc":{"start":{"line":1,"column":0},"end":{"line":1,"column":10}},"locations":[{"start":{"line":1,"column":0},"end":{"line":1,"column":10}}]},"7":{"type":"branch","line":9,"loc":{"start":{"line":9,"column":4},"end":{"line":10,"column":17}},"locations":[{"start":{"line":9,"column":4},"end":{"line":10,"column":17}}]},"8":{"type":"branch","line":1,"loc":{"start":{"line":1,"column":0},"end":{"line":1,"column":10}},"locations":[{"start":{"line":1,"column":0},"end":{"line":1,"column":10}}]},"9":{"type":"branch","line":15,"loc":{"start":{"line":15,"column":19},"end":{"line":15,"column":37}},"locations":[{"start":{"line":15,"column":19},"end":{"line":15,"column":37}}]},"10":{"type":"branch","line":1,"loc":{"start":{"line":1,"column":0},"end":{"line":1,"column":10}},"locations":[{"start":{"line":1,"column":0},"end":{"line":1,"column":10}}]},"11":{"type":"branch","line":1,"loc":{"start":{"line":1,"column":0},"end":{"line":1,"column":10}},"locations":[{"start":{"line":1,"column":0},"end":{"line":1,"column":10}}]},"12":{"type":"branch","line":1,"loc":{"start":{"line":1,"column":0},"end":{"line":1,"column":10}},"locations":[{"start":{"line":1,"column":0},"end":{"line":1,"column":10}}]},"13":{"type":"branch","line":1,"loc":{"start":{"line":1,"column":0},"end":{"line":1,"column":10}},"locations":[{"start":{"line":1,"column":0},"end":{"line":1,"column":10}}]},"14":{"type":"branch","line":132,"loc":{"start":{"line":132,"column":37},"end":{"line":132,"column":78}},"locations":[{"start":{"line":132,"column":37},"end":{"line":132,"column":78}}]},"15":{"type":"branch","line":1,"loc":{"start":{"line":1,"column":0},"end":{"line":1,"column":10}},"locations":[{"start":{"line":1,"column":0},"end":{"line":1,"column":10}}]}},"b":{"0":[4],"1":[1],"2":[3],"3":[1],"4":[5],"5":[4],"6":[4],"7":[1],"8":[7],"9":[3],"10":[1],"11":[1],"12":[0],"13":[0],"14":[0],"15":[5]},"fnMap":{"0":{"name":"onClick","decl":{"start":{"line":47,"column":22},"end":{"line":47,"column":50}},"loc":{"start":{"line":47,"column":22},"end":{"line":47,"column":50}},"line":47}},"f":{"0":0}}
,"C:\\Users\\m.delallave\\github\\mercadolibre-prototype\\mercadolibre-prototype\\src\\router\\index.js": {"path":"C:\\Users\\m.delallave\\github\\mercadolibre-prototype\\mercadolibre-prototype\\src\\router\\index.js","all":true,"statementMap":{"0":{"start":{"line":1,"column":0},"end":{"line":1,"column":22}},"1":{"start":{"line":2,"column":0},"end":{"line":2,"column":59}},"2":{"start":{"line":3,"column":0},"end":{"line":3,"column":61}},"3":{"start":{"line":4,"column":0},"end":{"line":4,"column":0}},"4":{"start":{"line":5,"column":0},"end":{"line":5,"column":16}},"5":{"start":{"line":6,"column":0},"end":{"line":6,"column":3}},"6":{"start":{"line":7,"column":0},"end":{"line":7,"column":63}},"7":{"start":{"line":8,"column":0},"end":{"line":8,"column":26}},"8":{"start":{"line":9,"column":0},"end":{"line":9,"column":33}},"9":{"start":{"line":10,"column":0},"end":{"line":10,"column":70}},"10":{"start":{"line":11,"column":0},"end":{"line":11,"column":4}},"11":{"start":{"line":12,"column":0},"end":{"line":12,"column":60}},"12":{"start":{"line":13,"column":0},"end":{"line":13,"column":3}},"13":{"start":{"line":14,"column":0},"end":{"line":14,"column":14}},"14":{"start":{"line":15,"column":0},"end":{"line":15,"column":70}},"15":{"start":{"line":16,"column":0},"end":{"line":16,"column":3}},"16":{"start":{"line":17,"column":0},"end":{"line":17,"column":1}},"17":{"start":{"line":18,"column":0},"end":{"line":18,"column":0}},"18":{"start":{"line":19,"column":0},"end":{"line":19,"column":29}},"19":{"start":{"line":20,"column":0},"end":{"line":20,"column":54}},"20":{"start":{"line":21,"column":0},"end":{"line":21,"column":8}},"21":{"start":{"line":22,"column":0},"end":{"line":22,"column":2}},"22":{"start":{"line":23,"column":0},"end":{"line":23,"column":0}},"23":{"start":{"line":24,"column":0},"end":{"line":24,"column":21}}},"s":{"0":0,"1":0,"2":0,"3":0,"4":0,"5":0,"6":0,"7":0,"8":0,"9":0,"10":0,"11":0,"12":0,"13":0,"14":0,"15":0,"16":0,"17":0,"18":0,"19":0,"20":0,"21":0,"22":0,"23":0},"branchMap":{"0":{"type":"branch","line":1,"loc":{"start":{"line":1,"column":668},"end":{"line":24,"column":21}},"locations":[{"start":{"line":1,"column":668},"end":{"line":24,"column":21}}]}},"b":{"0":[0]},"fnMap":{"0":{"name":"(empty-report)","decl":{"start":{"line":1,"column":668},"end":{"line":24,"column":21}},"loc":{"start":{"line":1,"column":668},"end":{"line":24,"column":21}},"line":1}},"f":{"0":0}}
,"C:\\Users\\m.delallave\\github\\mercadolibre-prototype\\mercadolibre-prototype\\src\\views\\ProductDetailPage.vue": {"path":"C:\\Users\\m.delallave\\github\\mercadolibre-prototype\\mercadolibre-prototype\\src\\views\\ProductDetailPage.vue","all":false,"statementMap":{"0":{"start":{"line":1,"column":0},"end":{"line":1,"column":10}},"1":{"start":{"line":2,"column":0},"end":{"line":2,"column":7}},"2":{"start":{"line":3,"column":0},"end":{"line":3,"column":73}},"3":{"start":{"line":4,"column":0},"end":{"line":4,"column":41}},"5":{"start":{"line":6,"column":0},"end":{"line":6,"column":10}},"6":{"start":{"line":7,"column":0},"end":{"line":7,"column":8}},"9":{"start":{"line":10,"column":0},"end":{"line":10,"column":14}},"10":{"start":{"line":11,"column":0},"end":{"line":11,"column":37}},"11":{"start":{"line":12,"column":0},"end":{"line":12,"column":66}},"12":{"start":{"line":13,"column":0},"end":{"line":13,"column":0}},"13":{"start":{"line":14,"column":0},"end":{"line":14,"column":24}}},"s":{"0":1,"1":1,"2":1,"3":1,"5":0,"6":1,"9":1,"10":1,"11":1,"12":1,"13":1},"branchMap":{"0":{"type":"branch","line":4,"loc":{"start":{"line":4,"column":4},"end":{"line":6,"column":10}},"locations":[{"start":{"line":4,"column":4},"end":{"line":6,"column":10}}]}},"b":{"0":[0]},"fnMap":{},"f":{}}
}
